<?xml version="1.0" encoding="UTF-8"?>
<!-- Generated by org.testng.reporters.JUnitXMLReporter -->
<testsuite hostname="Smita-PC" name="Default test(failed)" tests="2" failures="2" timestamp="18 Dec 2017 18:47:49 GMT" time="0.075" errors="0">
  <testcase name="testUpdateLandLord" time="0.028" classname="com.ca.landloard.testscripts.TestLandLoard">
    <failure type="java.lang.AssertionError" message="expected [true] but found [false]">
      <![CDATA[java.lang.AssertionError: expected [true] but found [false]
	at com.ca.landloard.testscripts.TestLandLoard.testUpdateLandLord(TestLandLoard.java:45)
... Removed 29 stack frames]]>
    </failure>
  </testcase> <!-- testUpdateLandLord -->
  <testcase name="testDeleteLandLord" time="0.003" classname="com.ca.landloard.testscripts.TestLandLoard">
    <failure type="java.lang.AssertionError" message="expected [true] but found [false]">
      <![CDATA[java.lang.AssertionError: expected [true] but found [false]
	at com.ca.landloard.testscripts.TestLandLoard.testDeleteLandLord(TestLandLoard.java:56)
... Removed 29 stack frames]]>
    </failure>
  </testcase> <!-- testDeleteLandLord -->
</testsuite> <!-- Default test(failed) -->
