<?xml version="1.0" encoding="UTF-8"?>
<!-- Generated by org.testng.reporters.JUnitXMLReporter -->
<testsuite hostname="Smita-PC" name="Test" tests="4" failures="0" timestamp="20 Jan 2018 18:10:35 GMT" time="5.699" errors="0">
  <testcase name="postLandlords01" time="5.324" classname="com.ca.landlord.testscripts.LandlordsTest"/>
  <testcase name="postLandlords01" time="0.177" classname="com.ca.landlord.testscripts.LandlordsTest"/>
  <testcase name="postLandlord" time="0.038" classname="com.ca.landlord.testscripts.ApartmentTest"/>
  <testcase name="postApartments" time="0.111" classname="com.ca.landlord.testscripts.ApartmentTest"/>
</testsuite> <!-- Test -->
