<?xml version="1.0" encoding="UTF-8"?>
<!-- Generated by org.testng.reporters.JUnitXMLReporter -->
<testsuite hostname="Smita-PC" name="Default test(failed)(failed)" tests="2" failures="1" timestamp="18 Dec 2017 18:49:08 GMT" time="3.049" errors="0">
  <testcase name="testUpdateLandLord" time="3.003" classname="com.ca.landloard.testscripts.TestLandLoard"/>
  <testcase name="testDeleteLandLord" time="0.011" classname="com.ca.landloard.testscripts.TestLandLoard">
    <failure type="java.lang.AssertionError" message="expected [true] but found [false]">
      <![CDATA[java.lang.AssertionError: expected [true] but found [false]
	at com.ca.landloard.testscripts.TestLandLoard.testDeleteLandLord(TestLandLoard.java:56)
... Removed 29 stack frames]]>
    </failure>
  </testcase> <!-- testDeleteLandLord -->
</testsuite> <!-- Default test(failed)(failed) -->
