<?xml version="1.0" encoding="UTF-8"?>
<!-- Generated by org.testng.reporters.JUnitXMLReporter -->
<testsuite hostname="Smita-PC" name="Default test(failed)(failed)(failed)" tests="1" failures="1" timestamp="18 Dec 2017 19:09:17 GMT" time="0.076" errors="0">
  <testcase name="testDeleteLandLord" time="0.033" classname="com.ca.landloard.testscripts.TestLandLoard">
    <failure type="java.lang.AssertionError" message="expected [true] but found [false]">
      <![CDATA[java.lang.AssertionError: expected [true] but found [false]
	at com.ca.landloard.testscripts.TestLandLoard.testDeleteLandLord(TestLandLoard.java:56)
... Removed 29 stack frames]]>
    </failure>
  </testcase> <!-- testDeleteLandLord -->
</testsuite> <!-- Default test(failed)(failed)(failed) -->
